<?xml version="1.0" encoding="UTF-8"?>
<testng-results ignored="0" total="0" passed="0" failed="0" skipped="0">
  <reporter-output>
  </reporter-output>
  <suite started-at="2021-06-18T03:14:31Z" name="com.cucumber.DemoCucumber2.RunCucumberTest" finished-at="2021-06-18T03:14:31Z" duration-ms="4">
    <groups>
    </groups>
    <test started-at="2021-06-18T03:14:31Z" name="Command line test" finished-at="2021-06-18T03:14:31Z" duration-ms="4">
    </test> <!-- Command line test -->
  </suite> <!-- com.cucumber.DemoCucumber2.RunCucumberTest -->
</testng-results>
